<?xml version="1.0" encoding="UTF-8"?>
<!-- Generated by org.testng.reporters.JUnitReportReporter -->
<testsuite skipped="0" hostname="DESKTOP-57QU30E" name="seleniumTest.Selenium_test" tests="1" failures="0" timestamp="20 Jul 2020 15:52:24 GMT" time="7.129" errors="0">
  <testcase name="initialise" time="7.129" classname="seleniumTest.Selenium_test"/>
</testsuite> <!-- seleniumTest.Selenium_test -->
